<?xml version="1.0" encoding="UTF-8"?>
<testng-results skipped="0" failed="0" total="1" passed="1">
  <reporter-output>
  </reporter-output>
  <suite name="Default suite" duration-ms="196" started-at="2018-07-27T10:48:13Z" finished-at="2018-07-27T10:48:14Z">
    <groups>
      <group name="cucumber">
        <method signature="AbstractTestNGCucumberTests.feature(cucumber.api.testng.CucumberFeatureWrapper)[pri:0, instance:com.trip.runner.TestNGRunner@42d80b78]" name="feature" class="cucumber.api.testng.AbstractTestNGCucumberTests"/>
      </group> <!-- cucumber -->
    </groups>
    <test name="Default test" duration-ms="196" started-at="2018-07-27T10:48:13Z" finished-at="2018-07-27T10:48:14Z">
      <class name="com.trip.runner.TestNGRunner">
        <test-method status="PASS" signature="setUpClass()[pri:0, instance:com.trip.runner.TestNGRunner@42d80b78]" name="setUpClass" is-config="true" duration-ms="133" started-at="2018-07-27T16:18:13Z" finished-at="2018-07-27T16:18:14Z">
          <reporter-output>
          </reporter-output>
        </test-method> <!-- setUpClass -->
        <test-method status="PASS" signature="feature(cucumber.api.testng.CucumberFeatureWrapper)[pri:0, instance:com.trip.runner.TestNGRunner@42d80b78]" name="feature" duration-ms="6" started-at="2018-07-27T16:18:14Z" description="Runs Cucumber Feature" data-provider="features" finished-at="2018-07-27T16:18:14Z">
          <params>
            <param index="0">
              <value>
                <![CDATA[Search for flight in the search results page]]>
              </value>
            </param>
          </params>
          <reporter-output>
          </reporter-output>
        </test-method> <!-- feature -->
        <test-method status="PASS" signature="tearDownClass()[pri:0, instance:com.trip.runner.TestNGRunner@42d80b78]" name="tearDownClass" is-config="true" duration-ms="8" started-at="2018-07-27T16:18:14Z" finished-at="2018-07-27T16:18:14Z">
          <reporter-output>
          </reporter-output>
        </test-method> <!-- tearDownClass -->
      </class> <!-- com.trip.runner.TestNGRunner -->
    </test> <!-- Default test -->
  </suite> <!-- Default suite -->
</testng-results>
